<?xml version="1.0" encoding="UTF-8"?>
<!-- Generated by org.testng.reporters.JUnitReportReporter -->
<testsuite hostname="DESKTOP-U5823AG" name="JavaStreams" tests="1" failures="0" timestamp="29 Jun 2021 20:05:06 GMT" time="127.987" errors="0">
  <testcase name="SortingTableUsingStream" time="127.987" classname="JavaStreams"/>
</testsuite> <!-- JavaStreams -->
