<?xml version="1.0" encoding="UTF-8"?>
<!-- Generated by org.testng.reporters.JUnitReportReporter -->
<testsuite skipped="0" hostname="DESKTOP-U5823AG" name="qaclickacademy.SeleniumTest" tests="2" failures="0" timestamp="02 Jul 2021 18:16:25 GMT" time="0.021" errors="0">
  <testcase name="BrowserAUtomation" time="0.019" classname="qaclickacademy.SeleniumTest"/>
  <testcase name="elementsUi" time="0.002" classname="qaclickacademy.SeleniumTest"/>
</testsuite> <!-- qaclickacademy.SeleniumTest -->
